<?xml version="1.0" encoding="UTF-8"?>
<testng-results ignored="0" total="1" passed="1" failed="0" skipped="0">
  <reporter-output>
  </reporter-output>
  <suite started-at="2021-04-16T14:50:09 IST" name="Default suite" finished-at="2021-04-16T14:50:58 IST" duration-ms="49928">
    <groups>
    </groups>
    <test started-at="2021-04-16T14:50:09 IST" name="Default test" finished-at="2021-04-16T14:50:58 IST" duration-ms="49928">
      <class name="hoichoiAutomation.LoginTest">
        <test-method is-config="true" signature="setUp()[pri:0, instance:hoichoiAutomation.LoginTest@2ea227af]" started-at="2021-04-16T14:50:09 IST" name="setUp" finished-at="2021-04-16T14:50:19 IST" duration-ms="10039" status="PASS">
          <reporter-output>
          </reporter-output>
        </test-method> <!-- setUp -->
        <test-method is-config="true" signature="setUp()[pri:0, instance:hoichoiAutomation.LoginTest@2ea227af]" started-at="2021-04-16T14:50:19 IST" name="setUp" finished-at="2021-04-16T14:50:27 IST" duration-ms="8395" status="PASS">
          <reporter-output>
          </reporter-output>
        </test-method> <!-- setUp -->
        <test-method signature="loginTest()[pri:0, instance:hoichoiAutomation.LoginTest@2ea227af]" started-at="2021-04-16T14:50:27 IST" name="loginTest" finished-at="2021-04-16T14:50:58 IST" duration-ms="31471" status="PASS">
          <reporter-output>
          </reporter-output>
        </test-method> <!-- loginTest -->
      </class> <!-- hoichoiAutomation.LoginTest -->
    </test> <!-- Default test -->
  </suite> <!-- Default suite -->
</testng-results>
